2026-02-27T19:18:56.889809 Project directory: /docker/openclaw-bdgv/data/.openclaw/workspace/qa_bot
2026-02-27T19:18:56.891022 Pulling project images
2026-02-27T19:18:56.891782 ------------------------------
2026-02-27T19:18:56.974612  Image peter-qa:latest Pulling 
2026-02-27T19:18:57.507957  Image peter-qa:latest pull access denied for peter-qa, repository does not exist or may require 'docker login' 
2026-02-27T19:18:57.508564 time="2026-02-27T19:18:57Z" level=warning msg="WARNING: Some service image(s) must be built from source by running:\n    docker compose build peter"
2026-02-27T19:18:57.508678 Error response from daemon: pull access denied for peter-qa, repository does not exist or may require 'docker login'
2026-02-27T19:18:57.512725 ------------------------------
2026-02-27T19:18:57.512793 Image pull failed with code 1
2026-02-27T19:18:57.512987 Pull failed, will retry again after 30 seconds... (1/3)
2026-02-27T19:19:27.514169 ------------------------------
2026-02-27T19:19:27.601180  Image peter-qa:latest Pulling 
2026-02-27T19:35:25.366018  Image peter-qa:latest failed to resolve reference "docker.io/library/peter-qa:latest": failed to authorize: failed to fetch anonymous token: Get "https://auth.docker.io/token?scope=repository%3Alibrary%2Fpeter-qa%3Apull&service=registry.docker.io": read tcp [2a02:4780:7:328e::1]:33218->[2a06:98c1:3105::ac40:904e]:443: read: network is unreachable 
2026-02-27T19:35:25.366307 time="2026-02-27T19:35:25Z" level=warning msg="WARNING: Some service image(s) must be built from source by running:\n    docker compose build peter"
2026-02-27T19:35:25.366322 Error response from daemon: failed to resolve reference "docker.io/library/peter-qa:latest": failed to authorize: failed to fetch anonymous token: Get "https://auth.docker.io/token?scope=repository%3Alibrary%2Fpeter-qa%3Apull&service=registry.docker.io": read tcp [2a02:4780:7:328e::1]:33218->[2a06:98c1:3105::ac40:904e]:443: read: network is unreachable
2026-02-27T19:35:25.607274 ------------------------------
2026-02-27T19:35:25.607505 Image pull failed with code 1
2026-02-27T19:35:25.608220 Pull failed, will retry again after 60 seconds... (2/3)
2026-02-27T19:36:25.609945 ------------------------------
2026-02-27T19:36:25.716924  Image peter-qa:latest Pulling 
2026-02-27T19:36:26.213329  Image peter-qa:latest pull access denied for peter-qa, repository does not exist or may require 'docker login' 
2026-02-27T19:36:26.213419 time="2026-02-27T19:36:26Z" level=warning msg="WARNING: Some service image(s) must be built from source by running:\n    docker compose build peter"
2026-02-27T19:36:26.213432 Error response from daemon: pull access denied for peter-qa, repository does not exist or may require 'docker login'
2026-02-27T19:36:26.356630 ------------------------------
2026-02-27T19:36:26.356725 Image pull failed with code 1
2026-02-27T19:36:26.356941 Pull failed, will retry again after 90 seconds... (3/3)
2026-02-27T19:37:56.357185 Deploying project
2026-02-27T19:37:56.358299 ------------------------------
2026-02-27T19:37:56.454453  Container qa_bot-peter-1 Recreate 
2026-02-27T19:37:56.551844  Container qa_bot-peter-1 Recreated 
2026-02-27T19:37:56.564164  Container qa_bot-peter-1 Starting 
2026-02-27T19:37:56.686253  Container qa_bot-peter-1 Started 
2026-02-27T19:37:56.689665 ------------------------------
2026-02-27T19:37:56.689715 Project deployed successfully
